<?xml version="1.0" encoding="UTF-8"?>
<testng-results ignored="0" total="1" passed="1" failed="0" skipped="0">
  <reporter-output>
  </reporter-output>
  <suite started-at="2026-05-17T10:22:05 ICT" name="Gradle suite" finished-at="2026-05-17T10:22:13 ICT" duration-ms="8420">
    <groups>
    </groups>
    <test started-at="2026-05-17T10:22:05 ICT" name="Gradle test" finished-at="2026-05-17T10:22:13 ICT" duration-ms="8420">
      <class name="testcases.register.Register01_Verify_Valid_Register">
        <test-method signature="test_valid_register()[pri:0, instance:testcases.register.Register01_Verify_Valid_Register@7139992f]" started-at="2026-05-17T10:22:05 ICT" name="test_valid_register" finished-at="2026-05-17T10:22:13 ICT" duration-ms="8387" status="PASS">
          <reporter-output>
          </reporter-output>
        </test-method> <!-- test_valid_register -->
      </class> <!-- testcases.register.Register01_Verify_Valid_Register -->
    </test> <!-- Gradle test -->
  </suite> <!-- Gradle suite -->
</testng-results>
